-------------------------------------------------------------------------------
Test set: edu.brown.cs.group1.field.TemplateFieldsTest
-------------------------------------------------------------------------------
<<<<<<< HEAD
Tests run: 3, Failures: 1, Errors: 0, Skipped: 0, Time elapsed: 0.083 sec <<< FAILURE!
testFieldsAndLabelsValueOf(edu.brown.cs.group1.field.TemplateFieldsTest)  Time elapsed: 0.007 sec  <<< FAILURE!
=======
<<<<<<< HEAD
Tests run: 3, Failures: 0, Errors: 0, Skipped: 0, Time elapsed: 0.001 sec
=======
<<<<<<< HEAD
Tests run: 3, Failures: 1, Errors: 0, Skipped: 0, Time elapsed: 0.003 sec <<< FAILURE!
testFieldsAndLabelsValueOf(edu.brown.cs.group1.field.TemplateFieldsTest)  Time elapsed: 0.001 sec  <<< FAILURE!
=======
<<<<<<< HEAD
Tests run: 3, Failures: 0, Errors: 0, Skipped: 0, Time elapsed: 0 sec
=======
Tests run: 3, Failures: 1, Errors: 0, Skipped: 0, Time elapsed: 0.043 sec <<< FAILURE!
testFieldsAndLabelsValueOf(edu.brown.cs.group1.field.TemplateFieldsTest)  Time elapsed: 0.004 sec  <<< FAILURE!
>>>>>>> e14050f752e30b46f97c82d60631f647da7599e9
>>>>>>> 02c73570142fab65f40119e58682ef270708675e
java.lang.AssertionError
	at org.junit.Assert.fail(Assert.java:86)
	at org.junit.Assert.assertTrue(Assert.java:41)
	at org.junit.Assert.assertTrue(Assert.java:52)
	at edu.brown.cs.group1.field.TemplateFieldsTest.testFieldsAndLabelsValueOf(TemplateFieldsTest.java:29)
	at java.base/jdk.internal.reflect.NativeMethodAccessorImpl.invoke0(Native Method)
	at java.base/jdk.internal.reflect.NativeMethodAccessorImpl.invoke(NativeMethodAccessorImpl.java:62)
	at java.base/jdk.internal.reflect.DelegatingMethodAccessorImpl.invoke(DelegatingMethodAccessorImpl.java:43)
	at java.base/java.lang.reflect.Method.invoke(Method.java:567)
	at org.junit.runners.model.FrameworkMethod$1.runReflectiveCall(FrameworkMethod.java:50)
	at org.junit.internal.runners.model.ReflectiveCallable.run(ReflectiveCallable.java:12)
	at org.junit.runners.model.FrameworkMethod.invokeExplosively(FrameworkMethod.java:47)
	at org.junit.internal.runners.statements.InvokeMethod.evaluate(InvokeMethod.java:17)
	at org.junit.runners.ParentRunner.runLeaf(ParentRunner.java:325)
	at org.junit.runners.BlockJUnit4ClassRunner.runChild(BlockJUnit4ClassRunner.java:78)
	at org.junit.runners.BlockJUnit4ClassRunner.runChild(BlockJUnit4ClassRunner.java:57)
	at org.junit.runners.ParentRunner$3.run(ParentRunner.java:290)
	at org.junit.runners.ParentRunner$1.schedule(ParentRunner.java:71)
	at org.junit.runners.ParentRunner.runChildren(ParentRunner.java:288)
	at org.junit.runners.ParentRunner.access$000(ParentRunner.java:58)
	at org.junit.runners.ParentRunner$2.evaluate(ParentRunner.java:268)
	at org.junit.runners.ParentRunner.run(ParentRunner.java:363)
	at org.apache.maven.surefire.junit4.JUnit4Provider.execute(JUnit4Provider.java:252)
	at org.apache.maven.surefire.junit4.JUnit4Provider.executeTestSet(JUnit4Provider.java:141)
	at org.apache.maven.surefire.junit4.JUnit4Provider.invoke(JUnit4Provider.java:112)
	at java.base/jdk.internal.reflect.NativeMethodAccessorImpl.invoke0(Native Method)
	at java.base/jdk.internal.reflect.NativeMethodAccessorImpl.invoke(NativeMethodAccessorImpl.java:62)
	at java.base/jdk.internal.reflect.DelegatingMethodAccessorImpl.invoke(DelegatingMethodAccessorImpl.java:43)
	at java.base/java.lang.reflect.Method.invoke(Method.java:567)
	at org.apache.maven.surefire.util.ReflectionUtils.invokeMethodWithArray(ReflectionUtils.java:189)
	at org.apache.maven.surefire.booter.ProviderFactory$ProviderProxy.invoke(ProviderFactory.java:165)
	at org.apache.maven.surefire.booter.ProviderFactory.invokeProvider(ProviderFactory.java:85)
	at org.apache.maven.surefire.booter.ForkedBooter.runSuitesInProcess(ForkedBooter.java:115)
	at org.apache.maven.surefire.booter.ForkedBooter.main(ForkedBooter.java:75)

<<<<<<< HEAD
=======
>>>>>>> b01b2352769f21aa45e360a323cffdd9aa6e22ec
>>>>>>> 8c80bc4710675195311fd07d9a5a3b70f94a3bd2
>>>>>>> 02c73570142fab65f40119e58682ef270708675e
